{"C:\\church-finance-app\\user-service\\src\\app.js": {"path":"C:\\church-finance-app\\user-service\\src\\app.js","statementMap":{"0":{"start":{"line":1,"column":16},"end":{"line":1,"column":34}},"1":{"start":{"line":2,"column":19},"end":{"line":2,"column":43}},"2":{"start":{"line":3,"column":19},"end":{"line":3,"column":43}},"3":{"start":{"line":5,"column":12},"end":{"line":5,"column":21}},"4":{"start":{"line":7,"column":0},"end":{"line":7,"column":24}},"5":{"start":{"line":8,"column":0},"end":{"line":8,"column":33}},"6":{"start":{"line":9,"column":0},"end":{"line":9,"column":34}},"7":{"start":{"line":11,"column":0},"end":{"line":11,"column":59}},"8":{"start":{"line":11,"column":25},"end":{"line":11,"column":57}},"9":{"start":{"line":13,"column":0},"end":{"line":13,"column":21}}},"fnMap":{"0":{"name":"(anonymous_0)","decl":{"start":{"line":11,"column":13},"end":{"line":11,"column":14}},"loc":{"start":{"line":11,"column":25},"end":{"line":11,"column":57}},"line":11}},"branchMap":{},"s":{"0":2,"1":2,"2":2,"3":2,"4":2,"5":2,"6":2,"7":2,"8":0,"9":2},"f":{"0":0},"b":{},"_coverageSchema":"1a1c01bbd47fc00a2c39e90264f33305004495a9","hash":"6422c22392f858f16d28738d1b28a8fe3d86c3eb"}
,"C:\\church-finance-app\\user-service\\src\\controllers\\authController.js": {"path":"C:\\church-finance-app\\user-service\\src\\controllers\\authController.js","statementMap":{"0":{"start":{"line":1,"column":12},"end":{"line":1,"column":35}},"1":{"start":{"line":2,"column":13},"end":{"line":2,"column":38}},"2":{"start":{"line":3,"column":42},"end":{"line":3,"column":66}},"3":{"start":{"line":5,"column":17},"end":{"line":19,"column":1}},"4":{"start":{"line":6,"column":2},"end":{"line":18,"column":3}},"5":{"start":{"line":7,"column":38},"end":{"line":7,"column":46}},"6":{"start":{"line":9,"column":21},"end":{"line":9,"column":50}},"7":{"start":{"line":10,"column":4},"end":{"line":10,"column":83}},"8":{"start":{"line":10,"column":18},"end":{"line":10,"column":83}},"9":{"start":{"line":12,"column":17},"end":{"line":12,"column":52}},"10":{"start":{"line":13,"column":4},"end":{"line":13,"column":22}},"11":{"start":{"line":15,"column":4},"end":{"line":15,"column":57}},"12":{"start":{"line":17,"column":4},"end":{"line":17,"column":59}},"13":{"start":{"line":21,"column":14},"end":{"line":41,"column":1}},"14":{"start":{"line":22,"column":2},"end":{"line":40,"column":3}},"15":{"start":{"line":23,"column":32},"end":{"line":23,"column":40}},"16":{"start":{"line":25,"column":17},"end":{"line":25,"column":46}},"17":{"start":{"line":26,"column":4},"end":{"line":26,"column":79}},"18":{"start":{"line":26,"column":15},"end":{"line":26,"column":79}},"19":{"start":{"line":28,"column":20},"end":{"line":28,"column":66}},"20":{"start":{"line":29,"column":4},"end":{"line":29,"column":82}},"21":{"start":{"line":29,"column":18},"end":{"line":29,"column":82}},"22":{"start":{"line":31,"column":18},"end":{"line":35,"column":5}},"23":{"start":{"line":37,"column":4},"end":{"line":37,"column":24}},"24":{"start":{"line":39,"column":4},"end":{"line":39,"column":52}},"25":{"start":{"line":43,"column":14},"end":{"line":53,"column":1}},"26":{"start":{"line":44,"column":2},"end":{"line":52,"column":3}},"27":{"start":{"line":45,"column":17},"end":{"line":45,"column":69}},"28":{"start":{"line":46,"column":4},"end":{"line":48,"column":5}},"29":{"start":{"line":47,"column":6},"end":{"line":47,"column":65}},"30":{"start":{"line":49,"column":4},"end":{"line":49,"column":19}},"31":{"start":{"line":51,"column":4},"end":{"line":51,"column":54}},"32":{"start":{"line":55,"column":0},"end":{"line":55,"column":44}}},"fnMap":{"0":{"name":"(anonymous_0)","decl":{"start":{"line":5,"column":17},"end":{"line":5,"column":18}},"loc":{"start":{"line":5,"column":37},"end":{"line":19,"column":1}},"line":5},"1":{"name":"(anonymous_1)","decl":{"start":{"line":21,"column":14},"end":{"line":21,"column":15}},"loc":{"start":{"line":21,"column":34},"end":{"line":41,"column":1}},"line":21},"2":{"name":"(anonymous_2)","decl":{"start":{"line":43,"column":14},"end":{"line":43,"column":15}},"loc":{"start":{"line":43,"column":34},"end":{"line":53,"column":1}},"line":43}},"branchMap":{"0":{"loc":{"start":{"line":10,"column":4},"end":{"line":10,"column":83}},"type":"if","locations":[{"start":{"line":10,"column":4},"end":{"line":10,"column":83}},{"start":{},"end":{}}],"line":10},"1":{"loc":{"start":{"line":26,"column":4},"end":{"line":26,"column":79}},"type":"if","locations":[{"start":{"line":26,"column":4},"end":{"line":26,"column":79}},{"start":{},"end":{}}],"line":26},"2":{"loc":{"start":{"line":29,"column":4},"end":{"line":29,"column":82}},"type":"if","locations":[{"start":{"line":29,"column":4},"end":{"line":29,"column":82}},{"start":{},"end":{}}],"line":29},"3":{"loc":{"start":{"line":33,"column":6},"end":{"line":33,"column":44}},"type":"binary-expr","locations":[{"start":{"line":33,"column":6},"end":{"line":33,"column":28}},{"start":{"line":33,"column":32},"end":{"line":33,"column":44}}],"line":33},"4":{"loc":{"start":{"line":46,"column":4},"end":{"line":48,"column":5}},"type":"if","locations":[{"start":{"line":46,"column":4},"end":{"line":48,"column":5}},{"start":{},"end":{}}],"line":46}},"s":{"0":2,"1":2,"2":2,"3":2,"4":5,"5":5,"6":5,"7":5,"8":0,"9":5,"10":5,"11":5,"12":0,"13":2,"14":4,"15":4,"16":4,"17":4,"18":0,"19":4,"20":4,"21":0,"22":4,"23":4,"24":0,"25":2,"26":1,"27":1,"28":1,"29":0,"30":1,"31":0,"32":2},"f":{"0":5,"1":4,"2":1},"b":{"0":[0,5],"1":[0,4],"2":[0,4],"3":[4,0],"4":[0,1]},"_coverageSchema":"1a1c01bbd47fc00a2c39e90264f33305004495a9","hash":"3b18c6139d46a90dc9e541e2cbd19aef14051e4a"}
,"C:\\church-finance-app\\user-service\\src\\middleware\\auth.js": {"path":"C:\\church-finance-app\\user-service\\src\\middleware\\auth.js","statementMap":{"0":{"start":{"line":1,"column":12},"end":{"line":1,"column":35}},"1":{"start":{"line":7,"column":20},"end":{"line":31,"column":1}},"2":{"start":{"line":8,"column":2},"end":{"line":30,"column":4}},"3":{"start":{"line":9,"column":23},"end":{"line":9,"column":48}},"4":{"start":{"line":11,"column":4},"end":{"line":13,"column":5}},"5":{"start":{"line":12,"column":6},"end":{"line":12,"column":75}},"6":{"start":{"line":15,"column":18},"end":{"line":15,"column":42}},"7":{"start":{"line":17,"column":4},"end":{"line":29,"column":5}},"8":{"start":{"line":18,"column":22},"end":{"line":18,"column":63}},"9":{"start":{"line":19,"column":6},"end":{"line":19,"column":25}},"10":{"start":{"line":22,"column":6},"end":{"line":24,"column":7}},"11":{"start":{"line":23,"column":8},"end":{"line":23,"column":81}},"12":{"start":{"line":26,"column":6},"end":{"line":26,"column":13}},"13":{"start":{"line":28,"column":6},"end":{"line":28,"column":75}},"14":{"start":{"line":33,"column":0},"end":{"line":33,"column":29}}},"fnMap":{"0":{"name":"(anonymous_0)","decl":{"start":{"line":7,"column":20},"end":{"line":7,"column":21}},"loc":{"start":{"line":7,"column":43},"end":{"line":31,"column":1}},"line":7},"1":{"name":"(anonymous_1)","decl":{"start":{"line":8,"column":9},"end":{"line":8,"column":10}},"loc":{"start":{"line":8,"column":29},"end":{"line":30,"column":3}},"line":8}},"branchMap":{"0":{"loc":{"start":{"line":7,"column":21},"end":{"line":7,"column":38}},"type":"default-arg","locations":[{"start":{"line":7,"column":36},"end":{"line":7,"column":38}}],"line":7},"1":{"loc":{"start":{"line":11,"column":4},"end":{"line":13,"column":5}},"type":"if","locations":[{"start":{"line":11,"column":4},"end":{"line":13,"column":5}},{"start":{},"end":{}}],"line":11},"2":{"loc":{"start":{"line":11,"column":8},"end":{"line":11,"column":56}},"type":"binary-expr","locations":[{"start":{"line":11,"column":8},"end":{"line":11,"column":19}},{"start":{"line":11,"column":23},"end":{"line":11,"column":56}}],"line":11},"3":{"loc":{"start":{"line":22,"column":6},"end":{"line":24,"column":7}},"type":"if","locations":[{"start":{"line":22,"column":6},"end":{"line":24,"column":7}},{"start":{},"end":{}}],"line":22},"4":{"loc":{"start":{"line":22,"column":10},"end":{"line":22,"column":69}},"type":"binary-expr","locations":[{"start":{"line":22,"column":10},"end":{"line":22,"column":29}},{"start":{"line":22,"column":33},"end":{"line":22,"column":69}}],"line":22}},"s":{"0":2,"1":2,"2":4,"3":5,"4":5,"5":2,"6":3,"7":3,"8":3,"9":3,"10":3,"11":1,"12":2,"13":0,"14":2},"f":{"0":4,"1":5},"b":{"0":[2],"1":[2,3],"2":[5,3],"3":[1,2],"4":[3,2]},"_coverageSchema":"1a1c01bbd47fc00a2c39e90264f33305004495a9","hash":"6a583ec6ca4b1fda2804f0cd032b618b3997e18a"}
,"C:\\church-finance-app\\user-service\\src\\models\\User.js": {"path":"C:\\church-finance-app\\user-service\\src\\models\\User.js","statementMap":{"0":{"start":{"line":1,"column":17},"end":{"line":1,"column":36}},"1":{"start":{"line":2,"column":15},"end":{"line":2,"column":32}},"2":{"start":{"line":4,"column":19},"end":{"line":20,"column":2}},"3":{"start":{"line":23,"column":0},"end":{"line":33,"column":3}},"4":{"start":{"line":24,"column":2},"end":{"line":24,"column":50}},"5":{"start":{"line":24,"column":36},"end":{"line":24,"column":50}},"6":{"start":{"line":26,"column":2},"end":{"line":32,"column":3}},"7":{"start":{"line":27,"column":17},"end":{"line":27,"column":41}},"8":{"start":{"line":28,"column":4},"end":{"line":28,"column":59}},"9":{"start":{"line":29,"column":4},"end":{"line":29,"column":11}},"10":{"start":{"line":31,"column":4},"end":{"line":31,"column":14}},"11":{"start":{"line":36,"column":0},"end":{"line":38,"column":2}},"12":{"start":{"line":37,"column":2},"end":{"line":37,"column":64}},"13":{"start":{"line":40,"column":0},"end":{"line":40,"column":52}}},"fnMap":{"0":{"name":"(anonymous_0)","decl":{"start":{"line":23,"column":23},"end":{"line":23,"column":24}},"loc":{"start":{"line":23,"column":45},"end":{"line":33,"column":1}},"line":23},"1":{"name":"(anonymous_1)","decl":{"start":{"line":36,"column":37},"end":{"line":36,"column":38}},"loc":{"start":{"line":36,"column":72},"end":{"line":38,"column":1}},"line":36}},"branchMap":{"0":{"loc":{"start":{"line":24,"column":2},"end":{"line":24,"column":50}},"type":"if","locations":[{"start":{"line":24,"column":2},"end":{"line":24,"column":50}},{"start":{},"end":{}}],"line":24}},"s":{"0":2,"1":2,"2":2,"3":2,"4":5,"5":0,"6":5,"7":5,"8":5,"9":5,"10":0,"11":2,"12":0,"13":2},"f":{"0":5,"1":0},"b":{"0":[0,5]},"_coverageSchema":"1a1c01bbd47fc00a2c39e90264f33305004495a9","hash":"e4ddd4a21c92a40bc29a7d42372645e02ca2b841"}
,"C:\\church-finance-app\\user-service\\src\\routes\\auth.js": {"path":"C:\\church-finance-app\\user-service\\src\\routes\\auth.js","statementMap":{"0":{"start":{"line":1,"column":16},"end":{"line":1,"column":34}},"1":{"start":{"line":2,"column":15},"end":{"line":2,"column":31}},"2":{"start":{"line":3,"column":35},"end":{"line":3,"column":75}},"3":{"start":{"line":4,"column":20},"end":{"line":4,"column":49}},"4":{"start":{"line":6,"column":0},"end":{"line":6,"column":35}},"5":{"start":{"line":7,"column":0},"end":{"line":7,"column":29}},"6":{"start":{"line":8,"column":0},"end":{"line":8,"column":40}},"7":{"start":{"line":10,"column":0},"end":{"line":10,"column":24}}},"fnMap":{},"branchMap":{},"s":{"0":2,"1":2,"2":2,"3":2,"4":2,"5":2,"6":2,"7":2},"f":{},"b":{},"_coverageSchema":"1a1c01bbd47fc00a2c39e90264f33305004495a9","hash":"95e52357def6328ea5016601dd4bc4bc50de2189"}
,"C:\\church-finance-app\\user-service\\src\\routes\\user.js": {"path":"C:\\church-finance-app\\user-service\\src\\routes\\user.js","statementMap":{"0":{"start":{"line":1,"column":16},"end":{"line":1,"column":34}},"1":{"start":{"line":2,"column":15},"end":{"line":2,"column":31}},"2":{"start":{"line":3,"column":20},"end":{"line":3,"column":49}},"3":{"start":{"line":4,"column":13},"end":{"line":4,"column":38}},"4":{"start":{"line":7,"column":0},"end":{"line":14,"column":3}},"5":{"start":{"line":8,"column":2},"end":{"line":13,"column":3}},"6":{"start":{"line":9,"column":18},"end":{"line":9,"column":50}},"7":{"start":{"line":10,"column":4},"end":{"line":10,"column":20}},"8":{"start":{"line":12,"column":4},"end":{"line":12,"column":63}},"9":{"start":{"line":16,"column":0},"end":{"line":16,"column":24}}},"fnMap":{"0":{"name":"(anonymous_0)","decl":{"start":{"line":7,"column":45},"end":{"line":7,"column":46}},"loc":{"start":{"line":7,"column":65},"end":{"line":14,"column":1}},"line":7}},"branchMap":{},"s":{"0":2,"1":2,"2":2,"3":2,"4":2,"5":1,"6":1,"7":1,"8":0,"9":2},"f":{"0":1},"b":{},"_coverageSchema":"1a1c01bbd47fc00a2c39e90264f33305004495a9","hash":"b7bfa75f0b9c29df4f7adf7a3461445ea5c0e9c5"}
,"C:\\church-finance-app\\user-service\\src\\utils\\hash.js": {"path":"C:\\church-finance-app\\user-service\\src\\utils\\hash.js","statementMap":{"0":{"start":{"line":1,"column":15},"end":{"line":1,"column":32}},"1":{"start":{"line":3,"column":21},"end":{"line":6,"column":1}},"2":{"start":{"line":4,"column":15},"end":{"line":4,"column":39}},"3":{"start":{"line":5,"column":2},"end":{"line":5,"column":44}},"4":{"start":{"line":8,"column":24},"end":{"line":10,"column":1}},"5":{"start":{"line":9,"column":2},"end":{"line":9,"column":47}},"6":{"start":{"line":12,"column":0},"end":{"line":12,"column":51}}},"fnMap":{"0":{"name":"(anonymous_0)","decl":{"start":{"line":3,"column":21},"end":{"line":3,"column":22}},"loc":{"start":{"line":3,"column":42},"end":{"line":6,"column":1}},"line":3},"1":{"name":"(anonymous_1)","decl":{"start":{"line":8,"column":24},"end":{"line":8,"column":25}},"loc":{"start":{"line":8,"column":51},"end":{"line":10,"column":1}},"line":8}},"branchMap":{},"s":{"0":2,"1":2,"2":0,"3":0,"4":2,"5":4,"6":2},"f":{"0":0,"1":4},"b":{},"_coverageSchema":"1a1c01bbd47fc00a2c39e90264f33305004495a9","hash":"d7ad34d5d6458697ec2b33f73621592009317b7a"}
}
