TN:
SF:src\app.js
FN:11,(anonymous_0)
FNF:1
FNH:0
FNDA:0,(anonymous_0)
DA:1,2
DA:2,2
DA:3,2
DA:5,2
DA:7,2
DA:8,2
DA:9,2
DA:11,2
DA:13,2
LF:9
LH:9
BRF:0
BRH:0
end_of_record
TN:
SF:src\controllers\authController.js
FN:5,(anonymous_0)
FN:21,(anonymous_1)
FN:43,(anonymous_2)
FNF:3
FNH:3
FNDA:5,(anonymous_0)
FNDA:4,(anonymous_1)
FNDA:1,(anonymous_2)
DA:1,2
DA:2,2
DA:3,2
DA:5,2
DA:6,5
DA:7,5
DA:9,5
DA:10,5
DA:12,5
DA:13,5
DA:15,5
DA:17,0
DA:21,2
DA:22,4
DA:23,4
DA:25,4
DA:26,4
DA:28,4
DA:29,4
DA:31,4
DA:37,4
DA:39,0
DA:43,2
DA:44,1
DA:45,1
DA:46,1
DA:47,0
DA:49,1
DA:51,0
DA:55,2
LF:30
LH:26
BRDA:10,0,0,0
BRDA:10,0,1,5
BRDA:26,1,0,0
BRDA:26,1,1,4
BRDA:29,2,0,0
BRDA:29,2,1,4
BRDA:33,3,0,4
BRDA:33,3,1,0
BRDA:46,4,0,0
BRDA:46,4,1,1
BRF:10
BRH:5
end_of_record
TN:
SF:src\middleware\auth.js
FN:7,(anonymous_0)
FN:8,(anonymous_1)
FNF:2
FNH:2
FNDA:4,(anonymous_0)
FNDA:5,(anonymous_1)
DA:1,2
DA:7,2
DA:8,4
DA:9,5
DA:11,5
DA:12,2
DA:15,3
DA:17,3
DA:18,3
DA:19,3
DA:22,3
DA:23,1
DA:26,2
DA:28,0
DA:33,2
LF:15
LH:14
BRDA:7,0,0,2
BRDA:11,1,0,2
BRDA:11,1,1,3
BRDA:11,2,0,5
BRDA:11,2,1,3
BRDA:22,3,0,1
BRDA:22,3,1,2
BRDA:22,4,0,3
BRDA:22,4,1,2
BRF:9
BRH:9
end_of_record
TN:
SF:src\models\User.js
FN:23,(anonymous_0)
FN:36,(anonymous_1)
FNF:2
FNH:1
FNDA:5,(anonymous_0)
FNDA:0,(anonymous_1)
DA:1,2
DA:2,2
DA:4,2
DA:23,2
DA:24,5
DA:26,5
DA:27,5
DA:28,5
DA:29,5
DA:31,0
DA:36,2
DA:37,0
DA:40,2
LF:13
LH:11
BRDA:24,0,0,0
BRDA:24,0,1,5
BRF:2
BRH:1
end_of_record
TN:
SF:src\routes\auth.js
FNF:0
FNH:0
DA:1,2
DA:2,2
DA:3,2
DA:4,2
DA:6,2
DA:7,2
DA:8,2
DA:10,2
LF:8
LH:8
BRF:0
BRH:0
end_of_record
TN:
SF:src\routes\user.js
FN:7,(anonymous_0)
FNF:1
FNH:1
FNDA:1,(anonymous_0)
DA:1,2
DA:2,2
DA:3,2
DA:4,2
DA:7,2
DA:8,1
DA:9,1
DA:10,1
DA:12,0
DA:16,2
LF:10
LH:9
BRF:0
BRH:0
end_of_record
TN:
SF:src\utils\hash.js
FN:3,(anonymous_0)
FN:8,(anonymous_1)
FNF:2
FNH:1
FNDA:0,(anonymous_0)
FNDA:4,(anonymous_1)
DA:1,2
DA:3,2
DA:4,0
DA:5,0
DA:8,2
DA:9,4
DA:12,2
LF:7
LH:5
BRF:0
BRH:0
end_of_record
